{"C:\\Users\\pc\\Videos\\Car rental\\backend\\src\\Customer\\customer.controller.ts": {"path":"C:\\Users\\pc\\Videos\\Car rental\\backend\\src\\Customer\\customer.controller.ts","statementMap":{"0":{"start":{"line":1,"column":0},"end":{"line":1,"column":30}},"1":{"start":{"line":3,"column":0},"end":{"line":3,"column":54}},"2":{"start":{"line":4,"column":0},"end":{"line":4,"column":31}},"3":{"start":{"line":5,"column":0},"end":{"line":5,"column":81}},"4":{"start":{"line":6,"column":0},"end":{"line":6,"column":null}},"5":{"start":{"line":13,"column":46},"end":{"line":20,"column":1}},"6":{"start":{"line":14,"column":2},"end":{"line":19,"column":3}},"7":{"start":{"line":15,"column":19},"end":{"line":15,"column":51}},"8":{"start":{"line":16,"column":4},"end":{"line":16,"column":21}},"9":{"start":{"line":18,"column":4},"end":{"line":18,"column":80}},"10":{"start":{"line":13,"column":13},"end":{"line":13,"column":46}},"11":{"start":{"line":22,"column":49},"end":{"line":29,"column":1}},"12":{"start":{"line":23,"column":2},"end":{"line":28,"column":3}},"13":{"start":{"line":24,"column":19},"end":{"line":24,"column":54}},"14":{"start":{"line":25,"column":4},"end":{"line":25,"column":21}},"15":{"start":{"line":27,"column":4},"end":{"line":27,"column":83}},"16":{"start":{"line":22,"column":13},"end":{"line":22,"column":49}},"17":{"start":{"line":33,"column":31},"end":{"line":40,"column":1}},"18":{"start":{"line":34,"column":4},"end":{"line":39,"column":5}},"19":{"start":{"line":35,"column":26},"end":{"line":35,"column":56}},"20":{"start":{"line":36,"column":8},"end":{"line":36,"column":40}},"21":{"start":{"line":38,"column":8},"end":{"line":38,"column":55}},"22":{"start":{"line":33,"column":13},"end":{"line":33,"column":31}},"23":{"start":{"line":43,"column":31},"end":{"line":64,"column":1}},"24":{"start":{"line":44,"column":4},"end":{"line":63,"column":5}},"25":{"start":{"line":45,"column":28},"end":{"line":45,"column":49}},"26":{"start":{"line":46,"column":22},"end":{"line":46,"column":38}},"27":{"start":{"line":49,"column":8},"end":{"line":51,"column":9}},"28":{"start":{"line":50,"column":12},"end":{"line":50,"column":68}},"29":{"start":{"line":53,"column":25},"end":{"line":53,"column":67}},"30":{"start":{"line":54,"column":8},"end":{"line":56,"column":9}},"31":{"start":{"line":55,"column":12},"end":{"line":55,"column":73}},"32":{"start":{"line":59,"column":46},"end":{"line":59,"column":54}},"33":{"start":{"line":60,"column":8},"end":{"line":60,"column":43}},"34":{"start":{"line":62,"column":8},"end":{"line":62,"column":55}},"35":{"start":{"line":43,"column":13},"end":{"line":43,"column":31}},"36":{"start":{"line":67,"column":30},"end":{"line":116,"column":1}},"37":{"start":{"line":68,"column":4},"end":{"line":115,"column":5}},"38":{"start":{"line":69,"column":46},"end":{"line":69,"column":54}},"39":{"start":{"line":71,"column":8},"end":{"line":73,"column":9}},"40":{"start":{"line":72,"column":12},"end":{"line":72,"column":75}},"41":{"start":{"line":76,"column":33},"end":{"line":76,"column":87}},"42":{"start":{"line":79,"column":31},"end":{"line":79,"column":60}},"43":{"start":{"line":80,"column":32},"end":{"line":86,"column":10}},"44":{"start":{"line":88,"column":28},"end":{"line":88,"column":73}},"45":{"start":{"line":89,"column":8},"end":{"line":91,"column":9}},"46":{"start":{"line":90,"column":12},"end":{"line":90,"column":83}},"47":{"start":{"line":94,"column":29},"end":{"line":94,"column":79}},"48":{"start":{"line":95,"column":8},"end":{"line":97,"column":89}},"49":{"start":{"line":96,"column":24},"end":{"line":96,"column":86}},"50":{"start":{"line":97,"column":26},"end":{"line":97,"column":87}},"51":{"start":{"line":99,"column":8},"end":{"line":109,"column":11}},"52":{"start":{"line":111,"column":8},"end":{"line":113,"column":9}},"53":{"start":{"line":112,"column":12},"end":{"line":112,"column":79}},"54":{"start":{"line":114,"column":8},"end":{"line":114,"column":55}},"55":{"start":{"line":67,"column":13},"end":{"line":67,"column":30}},"56":{"start":{"line":119,"column":27},"end":{"line":168,"column":1}},"57":{"start":{"line":120,"column":4},"end":{"line":167,"column":5}},"58":{"start":{"line":121,"column":44},"end":{"line":121,"column":52}},"59":{"start":{"line":123,"column":8},"end":{"line":125,"column":9}},"60":{"start":{"line":124,"column":12},"end":{"line":124,"column":95}},"61":{"start":{"line":127,"column":25},"end":{"line":127,"column":64}},"62":{"start":{"line":128,"column":8},"end":{"line":130,"column":9}},"63":{"start":{"line":129,"column":12},"end":{"line":129,"column":73}},"64":{"start":{"line":132,"column":8},"end":{"line":134,"column":9}},"65":{"start":{"line":133,"column":12},"end":{"line":133,"column":77}},"66":{"start":{"line":136,"column":8},"end":{"line":138,"column":9}},"67":{"start":{"line":137,"column":12},"end":{"line":137,"column":80}},"68":{"start":{"line":141,"column":24},"end":{"line":144,"column":10}},"69":{"start":{"line":146,"column":8},"end":{"line":152,"column":9}},"70":{"start":{"line":148,"column":33},"end":{"line":148,"column":77}},"71":{"start":{"line":149,"column":12},"end":{"line":151,"column":88}},"72":{"start":{"line":150,"column":28},"end":{"line":150,"column":82}},"73":{"start":{"line":151,"column":30},"end":{"line":151,"column":86}},"74":{"start":{"line":154,"column":8},"end":{"line":164,"column":11}},"75":{"start":{"line":166,"column":8},"end":{"line":166,"column":55}},"76":{"start":{"line":119,"column":13},"end":{"line":119,"column":27}},"77":{"start":{"line":171,"column":27},"end":{"line":216,"column":1}},"78":{"start":{"line":172,"column":4},"end":{"line":215,"column":5}},"79":{"start":{"line":173,"column":43},"end":{"line":173,"column":51}},"80":{"start":{"line":175,"column":8},"end":{"line":177,"column":9}},"81":{"start":{"line":176,"column":12},"end":{"line":176,"column":75}},"82":{"start":{"line":180,"column":31},"end":{"line":180,"column":60}},"83":{"start":{"line":181,"column":29},"end":{"line":186,"column":10}},"84":{"start":{"line":188,"column":25},"end":{"line":188,"column":67}},"85":{"start":{"line":189,"column":8},"end":{"line":191,"column":9}},"86":{"start":{"line":190,"column":12},"end":{"line":190,"column":76}},"87":{"start":{"line":194,"column":26},"end":{"line":194,"column":70}},"88":{"start":{"line":195,"column":8},"end":{"line":197,"column":82}},"89":{"start":{"line":196,"column":24},"end":{"line":196,"column":84}},"90":{"start":{"line":197,"column":26},"end":{"line":197,"column":80}},"91":{"start":{"line":199,"column":8},"end":{"line":209,"column":11}},"92":{"start":{"line":211,"column":8},"end":{"line":213,"column":9}},"93":{"start":{"line":212,"column":12},"end":{"line":212,"column":79}},"94":{"start":{"line":214,"column":8},"end":{"line":214,"column":55}},"95":{"start":{"line":171,"column":13},"end":{"line":171,"column":27}},"96":{"start":{"line":219,"column":25},"end":{"line":281,"column":1}},"97":{"start":{"line":220,"column":4},"end":{"line":280,"column":5}},"98":{"start":{"line":221,"column":36},"end":{"line":221,"column":44}},"99":{"start":{"line":223,"column":8},"end":{"line":225,"column":9}},"100":{"start":{"line":224,"column":12},"end":{"line":224,"column":86}},"101":{"start":{"line":228,"column":21},"end":{"line":228,"column":60}},"102":{"start":{"line":229,"column":8},"end":{"line":231,"column":9}},"103":{"start":{"line":230,"column":12},"end":{"line":230,"column":80}},"104":{"start":{"line":234,"column":8},"end":{"line":236,"column":9}},"105":{"start":{"line":235,"column":12},"end":{"line":235,"column":97}},"106":{"start":{"line":239,"column":30},"end":{"line":239,"column":83}},"107":{"start":{"line":240,"column":8},"end":{"line":242,"column":9}},"108":{"start":{"line":241,"column":12},"end":{"line":241,"column":80}},"109":{"start":{"line":245,"column":23},"end":{"line":245,"column":45}},"110":{"start":{"line":246,"column":8},"end":{"line":248,"column":9}},"111":{"start":{"line":247,"column":12},"end":{"line":247,"column":57}},"112":{"start":{"line":250,"column":24},"end":{"line":258,"column":10}},"113":{"start":{"line":260,"column":22},"end":{"line":260,"column":47}},"114":{"start":{"line":262,"column":32},"end":{"line":262,"column":110}},"115":{"start":{"line":263,"column":24},"end":{"line":263,"column":68}},"116":{"start":{"line":265,"column":8},"end":{"line":276,"column":11}},"117":{"start":{"line":279,"column":8},"end":{"line":279,"column":55}},"118":{"start":{"line":219,"column":13},"end":{"line":219,"column":25}},"119":{"start":{"line":284,"column":13},"end":{"line":284,"column":39}},"120":{"start":{"line":287,"column":30},"end":{"line":327,"column":1}},"121":{"start":{"line":288,"column":4},"end":{"line":326,"column":5}},"122":{"start":{"line":289,"column":27},"end":{"line":289,"column":48}},"123":{"start":{"line":290,"column":22},"end":{"line":290,"column":38}},"124":{"start":{"line":291,"column":27},"end":{"line":291,"column":42}},"125":{"start":{"line":294,"column":8},"end":{"line":296,"column":9}},"126":{"start":{"line":295,"column":12},"end":{"line":295,"column":68}},"127":{"start":{"line":299,"column":8},"end":{"line":301,"column":9}},"128":{"start":{"line":300,"column":12},"end":{"line":300,"column":75}},"129":{"start":{"line":304,"column":8},"end":{"line":308,"column":9}},"130":{"start":{"line":305,"column":12},"end":{"line":305,"column":35}},"131":{"start":{"line":306,"column":12},"end":{"line":306,"column":41}},"132":{"start":{"line":307,"column":12},"end":{"line":307,"column":47}},"133":{"start":{"line":310,"column":24},"end":{"line":310,"column":76}},"134":{"start":{"line":311,"column":8},"end":{"line":313,"column":9}},"135":{"start":{"line":312,"column":12},"end":{"line":312,"column":73}},"136":{"start":{"line":316,"column":46},"end":{"line":316,"column":53}},"137":{"start":{"line":317,"column":8},"end":{"line":320,"column":11}},"138":{"start":{"line":322,"column":8},"end":{"line":324,"column":9}},"139":{"start":{"line":323,"column":12},"end":{"line":323,"column":75}},"140":{"start":{"line":325,"column":8},"end":{"line":325,"column":55}},"141":{"start":{"line":287,"column":13},"end":{"line":287,"column":30}},"142":{"start":{"line":330,"column":30},"end":{"line":343,"column":1}},"143":{"start":{"line":331,"column":4},"end":{"line":342,"column":5}},"144":{"start":{"line":332,"column":27},"end":{"line":332,"column":48}},"145":{"start":{"line":333,"column":24},"end":{"line":333,"column":64}},"146":{"start":{"line":335,"column":8},"end":{"line":337,"column":9}},"147":{"start":{"line":336,"column":12},"end":{"line":336,"column":73}},"148":{"start":{"line":339,"column":8},"end":{"line":339,"column":75}},"149":{"start":{"line":341,"column":8},"end":{"line":341,"column":55}},"150":{"start":{"line":330,"column":13},"end":{"line":330,"column":30}}},"fnMap":{"0":{"name":"(anonymous_10)","decl":{"start":{"line":13,"column":46},"end":{"line":13,"column":51}},"loc":{"start":{"line":13,"column":85},"end":{"line":20,"column":1}}},"1":{"name":"(anonymous_11)","decl":{"start":{"line":22,"column":49},"end":{"line":22,"column":54}},"loc":{"start":{"line":22,"column":88},"end":{"line":29,"column":1}}},"2":{"name":"(anonymous_12)","decl":{"start":{"line":33,"column":31},"end":{"line":33,"column":36}},"loc":{"start":{"line":33,"column":69},"end":{"line":40,"column":1}}},"3":{"name":"(anonymous_13)","decl":{"start":{"line":43,"column":31},"end":{"line":43,"column":36}},"loc":{"start":{"line":43,"column":69},"end":{"line":64,"column":1}}},"4":{"name":"(anonymous_14)","decl":{"start":{"line":67,"column":30},"end":{"line":67,"column":35}},"loc":{"start":{"line":67,"column":68},"end":{"line":116,"column":1}}},"5":{"name":"(anonymous_15)","decl":{"start":{"line":96,"column":18},"end":{"line":96,"column":21}},"loc":{"start":{"line":96,"column":24},"end":{"line":96,"column":86}}},"6":{"name":"(anonymous_16)","decl":{"start":{"line":97,"column":19},"end":{"line":97,"column":22}},"loc":{"start":{"line":97,"column":26},"end":{"line":97,"column":87}}},"7":{"name":"(anonymous_17)","decl":{"start":{"line":119,"column":27},"end":{"line":119,"column":32}},"loc":{"start":{"line":119,"column":65},"end":{"line":168,"column":1}}},"8":{"name":"(anonymous_18)","decl":{"start":{"line":150,"column":22},"end":{"line":150,"column":25}},"loc":{"start":{"line":150,"column":28},"end":{"line":150,"column":82}}},"9":{"name":"(anonymous_19)","decl":{"start":{"line":151,"column":23},"end":{"line":151,"column":26}},"loc":{"start":{"line":151,"column":30},"end":{"line":151,"column":86}}},"10":{"name":"(anonymous_20)","decl":{"start":{"line":171,"column":27},"end":{"line":171,"column":32}},"loc":{"start":{"line":171,"column":65},"end":{"line":216,"column":1}}},"11":{"name":"(anonymous_21)","decl":{"start":{"line":196,"column":18},"end":{"line":196,"column":21}},"loc":{"start":{"line":196,"column":24},"end":{"line":196,"column":84}}},"12":{"name":"(anonymous_22)","decl":{"start":{"line":197,"column":19},"end":{"line":197,"column":22}},"loc":{"start":{"line":197,"column":26},"end":{"line":197,"column":80}}},"13":{"name":"(anonymous_23)","decl":{"start":{"line":219,"column":25},"end":{"line":219,"column":30}},"loc":{"start":{"line":219,"column":63},"end":{"line":281,"column":1}}},"14":{"name":"(anonymous_24)","decl":{"start":{"line":287,"column":30},"end":{"line":287,"column":35}},"loc":{"start":{"line":287,"column":68},"end":{"line":327,"column":1}}},"15":{"name":"(anonymous_25)","decl":{"start":{"line":330,"column":30},"end":{"line":330,"column":35}},"loc":{"start":{"line":330,"column":68},"end":{"line":343,"column":1}}}},"branchMap":{"0":{"loc":{"start":{"line":49,"column":8},"end":{"line":51,"column":9}},"type":"if","locations":[{"start":{"line":49,"column":8},"end":{"line":51,"column":9}}]},"1":{"loc":{"start":{"line":49,"column":12},"end":{"line":49,"column":65}},"type":"binary-expr","locations":[{"start":{"line":49,"column":12},"end":{"line":49,"column":33}},{"start":{"line":49,"column":37},"end":{"line":49,"column":65}}]},"2":{"loc":{"start":{"line":54,"column":8},"end":{"line":56,"column":9}},"type":"if","locations":[{"start":{"line":54,"column":8},"end":{"line":56,"column":9}}]},"3":{"loc":{"start":{"line":71,"column":8},"end":{"line":73,"column":9}},"type":"if","locations":[{"start":{"line":71,"column":8},"end":{"line":73,"column":9}}]},"4":{"loc":{"start":{"line":89,"column":8},"end":{"line":91,"column":9}},"type":"if","locations":[{"start":{"line":89,"column":8},"end":{"line":91,"column":9}}]},"5":{"loc":{"start":{"line":111,"column":8},"end":{"line":113,"column":9}},"type":"if","locations":[{"start":{"line":111,"column":8},"end":{"line":113,"column":9}}]},"6":{"loc":{"start":{"line":123,"column":8},"end":{"line":125,"column":9}},"type":"if","locations":[{"start":{"line":123,"column":8},"end":{"line":125,"column":9}}]},"7":{"loc":{"start":{"line":123,"column":12},"end":{"line":123,"column":39}},"type":"binary-expr","locations":[{"start":{"line":123,"column":12},"end":{"line":123,"column":18}},{"start":{"line":123,"column":22},"end":{"line":123,"column":39}}]},"8":{"loc":{"start":{"line":128,"column":8},"end":{"line":130,"column":9}},"type":"if","locations":[{"start":{"line":128,"column":8},"end":{"line":130,"column":9}}]},"9":{"loc":{"start":{"line":132,"column":8},"end":{"line":134,"column":9}},"type":"if","locations":[{"start":{"line":132,"column":8},"end":{"line":134,"column":9}}]},"10":{"loc":{"start":{"line":136,"column":8},"end":{"line":138,"column":9}},"type":"if","locations":[{"start":{"line":136,"column":8},"end":{"line":138,"column":9}}]},"11":{"loc":{"start":{"line":146,"column":8},"end":{"line":152,"column":9}},"type":"if","locations":[{"start":{"line":146,"column":8},"end":{"line":152,"column":9}}]},"12":{"loc":{"start":{"line":175,"column":8},"end":{"line":177,"column":9}},"type":"if","locations":[{"start":{"line":175,"column":8},"end":{"line":177,"column":9}}]},"13":{"loc":{"start":{"line":189,"column":8},"end":{"line":191,"column":9}},"type":"if","locations":[{"start":{"line":189,"column":8},"end":{"line":191,"column":9}}]},"14":{"loc":{"start":{"line":211,"column":8},"end":{"line":213,"column":9}},"type":"if","locations":[{"start":{"line":211,"column":8},"end":{"line":213,"column":9}}]},"15":{"loc":{"start":{"line":223,"column":8},"end":{"line":225,"column":9}},"type":"if","locations":[{"start":{"line":223,"column":8},"end":{"line":225,"column":9}}]},"16":{"loc":{"start":{"line":223,"column":12},"end":{"line":223,"column":31}},"type":"binary-expr","locations":[{"start":{"line":223,"column":12},"end":{"line":223,"column":18}},{"start":{"line":223,"column":22},"end":{"line":223,"column":31}}]},"17":{"loc":{"start":{"line":229,"column":8},"end":{"line":231,"column":9}},"type":"if","locations":[{"start":{"line":229,"column":8},"end":{"line":231,"column":9}}]},"18":{"loc":{"start":{"line":234,"column":8},"end":{"line":236,"column":9}},"type":"if","locations":[{"start":{"line":234,"column":8},"end":{"line":236,"column":9}}]},"19":{"loc":{"start":{"line":234,"column":12},"end":{"line":234,"column":53}},"type":"binary-expr","locations":[{"start":{"line":234,"column":12},"end":{"line":234,"column":33}},{"start":{"line":234,"column":37},"end":{"line":234,"column":53}}]},"20":{"loc":{"start":{"line":240,"column":8},"end":{"line":242,"column":9}},"type":"if","locations":[{"start":{"line":240,"column":8},"end":{"line":242,"column":9}}]},"21":{"loc":{"start":{"line":246,"column":8},"end":{"line":248,"column":9}},"type":"if","locations":[{"start":{"line":246,"column":8},"end":{"line":248,"column":9}}]},"22":{"loc":{"start":{"line":262,"column":32},"end":{"line":262,"column":110}},"type":"cond-expr","locations":[{"start":{"line":262,"column":56},"end":{"line":262,"column":80}},{"start":{"line":262,"column":83},"end":{"line":262,"column":110}}]},"23":{"loc":{"start":{"line":263,"column":24},"end":{"line":263,"column":68}},"type":"cond-expr","locations":[{"start":{"line":263,"column":48},"end":{"line":263,"column":55}},{"start":{"line":263,"column":58},"end":{"line":263,"column":68}}]},"24":{"loc":{"start":{"line":294,"column":8},"end":{"line":296,"column":9}},"type":"if","locations":[{"start":{"line":294,"column":8},"end":{"line":296,"column":9}}]},"25":{"loc":{"start":{"line":294,"column":12},"end":{"line":294,"column":64}},"type":"binary-expr","locations":[{"start":{"line":294,"column":12},"end":{"line":294,"column":33}},{"start":{"line":294,"column":37},"end":{"line":294,"column":64}}]},"26":{"loc":{"start":{"line":299,"column":8},"end":{"line":301,"column":9}},"type":"if","locations":[{"start":{"line":299,"column":8},"end":{"line":301,"column":9}}]},"27":{"loc":{"start":{"line":304,"column":8},"end":{"line":308,"column":9}},"type":"if","locations":[{"start":{"line":304,"column":8},"end":{"line":308,"column":9}}]},"28":{"loc":{"start":{"line":311,"column":8},"end":{"line":313,"column":9}},"type":"if","locations":[{"start":{"line":311,"column":8},"end":{"line":313,"column":9}}]},"29":{"loc":{"start":{"line":322,"column":8},"end":{"line":324,"column":9}},"type":"if","locations":[{"start":{"line":322,"column":8},"end":{"line":324,"column":9}}]},"30":{"loc":{"start":{"line":335,"column":8},"end":{"line":337,"column":9}},"type":"if","locations":[{"start":{"line":335,"column":8},"end":{"line":337,"column":9}}]}},"s":{"0":1,"1":1,"2":1,"3":1,"4":1,"5":1,"6":0,"7":0,"8":0,"9":0,"10":1,"11":1,"12":0,"13":0,"14":0,"15":0,"16":1,"17":1,"18":2,"19":2,"20":1,"21":1,"22":1,"23":1,"24":3,"25":3,"26":3,"27":3,"28":1,"29":2,"30":2,"31":0,"32":2,"33":2,"34":0,"35":1,"36":1,"37":3,"38":3,"39":3,"40":1,"41":2,"42":2,"43":2,"44":2,"45":1,"46":0,"47":1,"48":1,"49":1,"50":0,"51":1,"52":1,"53":1,"54":0,"55":1,"56":1,"57":3,"58":3,"59":3,"60":0,"61":3,"62":3,"63":0,"64":3,"65":1,"66":2,"67":1,"68":1,"69":1,"70":1,"71":1,"72":1,"73":0,"74":1,"75":0,"76":1,"77":1,"78":1,"79":1,"80":1,"81":0,"82":1,"83":1,"84":1,"85":1,"86":0,"87":1,"88":1,"89":1,"90":0,"91":1,"92":0,"93":0,"94":0,"95":1,"96":1,"97":5,"98":5,"99":5,"100":0,"101":5,"102":5,"103":0,"104":5,"105":1,"106":4,"107":4,"108":1,"109":3,"110":3,"111":1,"112":2,"113":2,"114":2,"115":2,"116":2,"117":1,"118":1,"119":1,"120":1,"121":2,"122":2,"123":2,"124":2,"125":2,"126":0,"127":2,"128":1,"129":2,"130":2,"131":2,"132":2,"133":2,"134":2,"135":0,"136":2,"137":2,"138":0,"139":0,"140":0,"141":1,"142":1,"143":2,"144":2,"145":2,"146":2,"147":1,"148":1,"149":0,"150":1},"f":{"0":0,"1":0,"2":2,"3":3,"4":3,"5":1,"6":0,"7":3,"8":1,"9":0,"10":1,"11":1,"12":0,"13":5,"14":2,"15":2},"b":{"0":[1],"1":[3,2],"2":[0],"3":[1],"4":[0],"5":[1],"6":[0],"7":[3,3],"8":[0],"9":[1],"10":[1],"11":[1],"12":[0],"13":[0],"14":[0],"15":[0],"16":[5,5],"17":[0],"18":[1],"19":[5,4],"20":[1],"21":[1],"22":[1,1],"23":[1,1],"24":[0],"25":[2,2],"26":[1],"27":[2],"28":[0],"29":[0],"30":[1]}}
,"C:\\Users\\pc\\Videos\\Car rental\\backend\\src\\Customer\\customer.service.ts": {"path":"C:\\Users\\pc\\Videos\\Car rental\\backend\\src\\Customer\\customer.service.ts","statementMap":{"0":{"start":{"line":1,"column":0},"end":{"line":1,"column":31}},"1":{"start":{"line":2,"column":0},"end":{"line":2,"column":110}},"2":{"start":{"line":3,"column":0},"end":{"line":3,"column":38}},"3":{"start":{"line":7,"column":22},"end":{"line":9,"column":1}},"4":{"start":{"line":8,"column":4},"end":{"line":8,"column":49}},"5":{"start":{"line":7,"column":13},"end":{"line":7,"column":22}},"6":{"start":{"line":12,"column":23},"end":{"line":15,"column":1}},"7":{"start":{"line":13,"column":19},"end":{"line":13,"column":96}},"8":{"start":{"line":14,"column":4},"end":{"line":14,"column":21}},"9":{"start":{"line":12,"column":13},"end":{"line":12,"column":23}},"10":{"start":{"line":18,"column":26},"end":{"line":21,"column":1}},"11":{"start":{"line":19,"column":19},"end":{"line":19,"column":94}},"12":{"start":{"line":20,"column":4},"end":{"line":20,"column":21}},"13":{"start":{"line":18,"column":13},"end":{"line":18,"column":26}},"14":{"start":{"line":24,"column":22},"end":{"line":35,"column":1}},"15":{"start":{"line":25,"column":4},"end":{"line":34,"column":5}},"16":{"start":{"line":26,"column":23},"end":{"line":26,"column":78}},"17":{"start":{"line":27,"column":8},"end":{"line":27,"column":25}},"18":{"start":{"line":30,"column":8},"end":{"line":32,"column":9}},"19":{"start":{"line":31,"column":12},"end":{"line":31,"column":52}},"20":{"start":{"line":33,"column":8},"end":{"line":33,"column":20}},"21":{"start":{"line":24,"column":13},"end":{"line":24,"column":22}},"22":{"start":{"line":38,"column":22},"end":{"line":52,"column":1}},"23":{"start":{"line":39,"column":4},"end":{"line":51,"column":5}},"24":{"start":{"line":40,"column":23},"end":{"line":43,"column":24}},"25":{"start":{"line":44,"column":8},"end":{"line":44,"column":25}},"26":{"start":{"line":47,"column":8},"end":{"line":49,"column":9}},"27":{"start":{"line":48,"column":12},"end":{"line":48,"column":52}},"28":{"start":{"line":50,"column":8},"end":{"line":50,"column":20}},"29":{"start":{"line":38,"column":13},"end":{"line":38,"column":22}},"30":{"start":{"line":55,"column":22},"end":{"line":60,"column":1}},"31":{"start":{"line":56,"column":19},"end":{"line":58,"column":20}},"32":{"start":{"line":59,"column":4},"end":{"line":59,"column":29}},"33":{"start":{"line":55,"column":13},"end":{"line":55,"column":22}},"34":{"start":{"line":63,"column":27},"end":{"line":68,"column":1}},"35":{"start":{"line":64,"column":19},"end":{"line":66,"column":46}},"36":{"start":{"line":67,"column":4},"end":{"line":67,"column":29}},"37":{"start":{"line":63,"column":13},"end":{"line":63,"column":27}},"38":{"start":{"line":73,"column":40},"end":{"line":78,"column":1}},"39":{"start":{"line":74,"column":2},"end":{"line":77,"column":93}},"40":{"start":{"line":73,"column":13},"end":{"line":73,"column":40}},"41":{"start":{"line":81,"column":43},"end":{"line":86,"column":1}},"42":{"start":{"line":82,"column":2},"end":{"line":85,"column":99}},"43":{"start":{"line":81,"column":13},"end":{"line":81,"column":43}}},"fnMap":{"0":{"name":"(anonymous_1)","decl":{"start":{"line":7,"column":22},"end":{"line":7,"column":27}},"loc":{"start":{"line":7,"column":56},"end":{"line":9,"column":1}}},"1":{"name":"(anonymous_2)","decl":{"start":{"line":12,"column":23},"end":{"line":12,"column":28}},"loc":{"start":{"line":12,"column":77},"end":{"line":15,"column":1}}},"2":{"name":"(anonymous_3)","decl":{"start":{"line":18,"column":26},"end":{"line":18,"column":31}},"loc":{"start":{"line":18,"column":83},"end":{"line":21,"column":1}}},"3":{"name":"(anonymous_4)","decl":{"start":{"line":24,"column":22},"end":{"line":24,"column":27}},"loc":{"start":{"line":24,"column":82},"end":{"line":35,"column":1}}},"4":{"name":"(anonymous_5)","decl":{"start":{"line":38,"column":22},"end":{"line":38,"column":27}},"loc":{"start":{"line":38,"column":103},"end":{"line":52,"column":1}}},"5":{"name":"(anonymous_6)","decl":{"start":{"line":55,"column":22},"end":{"line":55,"column":27}},"loc":{"start":{"line":55,"column":61},"end":{"line":60,"column":1}}},"6":{"name":"(anonymous_7)","decl":{"start":{"line":63,"column":27},"end":{"line":63,"column":32}},"loc":{"start":{"line":63,"column":69},"end":{"line":68,"column":1}}},"7":{"name":"(anonymous_8)","decl":{"start":{"line":73,"column":40},"end":{"line":73,"column":45}},"loc":{"start":{"line":73,"column":51},"end":{"line":78,"column":1}}},"8":{"name":"(anonymous_9)","decl":{"start":{"line":81,"column":43},"end":{"line":81,"column":48}},"loc":{"start":{"line":81,"column":54},"end":{"line":86,"column":1}}}},"branchMap":{"0":{"loc":{"start":{"line":30,"column":8},"end":{"line":32,"column":9}},"type":"if","locations":[{"start":{"line":30,"column":8},"end":{"line":32,"column":9}}]},"1":{"loc":{"start":{"line":47,"column":8},"end":{"line":49,"column":9}},"type":"if","locations":[{"start":{"line":47,"column":8},"end":{"line":49,"column":9}}]}},"s":{"0":1,"1":1,"2":1,"3":1,"4":0,"5":1,"6":1,"7":0,"8":0,"9":1,"10":1,"11":0,"12":0,"13":1,"14":1,"15":0,"16":0,"17":0,"18":0,"19":0,"20":0,"21":1,"22":1,"23":0,"24":0,"25":0,"26":0,"27":0,"28":0,"29":1,"30":1,"31":0,"32":0,"33":1,"34":1,"35":0,"36":0,"37":1,"38":1,"39":0,"40":1,"41":1,"42":0,"43":1},"f":{"0":0,"1":0,"2":0,"3":0,"4":0,"5":0,"6":0,"7":0,"8":0},"b":{"0":[0],"1":[0]}}
,"C:\\Users\\pc\\Videos\\Car rental\\backend\\src\\email\\email.service.ts": {"path":"C:\\Users\\pc\\Videos\\Car rental\\backend\\src\\email\\email.service.ts","statementMap":{"0":{"start":{"line":1,"column":0},"end":{"line":1,"column":36}},"1":{"start":{"line":2,"column":0},"end":{"line":2,"column":23}},"2":{"start":{"line":5,"column":26},"end":{"line":13,"column":1}},"3":{"start":{"line":6,"column":4},"end":{"line":12,"column":7}},"4":{"start":{"line":16,"column":37},"end":{"line":73,"column":1}},"5":{"start":{"line":23,"column":4},"end":{"line":26,"column":5}},"6":{"start":{"line":24,"column":8},"end":{"line":24,"column":80}},"7":{"start":{"line":25,"column":8},"end":{"line":25,"column":21}},"8":{"start":{"line":28,"column":4},"end":{"line":72,"column":5}},"9":{"start":{"line":29,"column":28},"end":{"line":29,"column":47}},"10":{"start":{"line":31,"column":8},"end":{"line":31,"column":74}},"11":{"start":{"line":33,"column":28},"end":{"line":63,"column":10}},"12":{"start":{"line":65,"column":23},"end":{"line":65,"column":62}},"13":{"start":{"line":66,"column":8},"end":{"line":66,"column":82}},"14":{"start":{"line":67,"column":8},"end":{"line":67,"column":20}},"15":{"start":{"line":70,"column":8},"end":{"line":70,"column":77}},"16":{"start":{"line":71,"column":8},"end":{"line":71,"column":21}},"17":{"start":{"line":16,"column":13},"end":{"line":16,"column":37}},"18":{"start":{"line":76,"column":32},"end":{"line":125,"column":1}},"19":{"start":{"line":82,"column":4},"end":{"line":85,"column":5}},"20":{"start":{"line":83,"column":8},"end":{"line":83,"column":80}},"21":{"start":{"line":84,"column":8},"end":{"line":84,"column":21}},"22":{"start":{"line":87,"column":4},"end":{"line":124,"column":5}},"23":{"start":{"line":88,"column":28},"end":{"line":88,"column":47}},"24":{"start":{"line":90,"column":8},"end":{"line":90,"column":69}},"25":{"start":{"line":92,"column":28},"end":{"line":115,"column":10}},"26":{"start":{"line":117,"column":23},"end":{"line":117,"column":62}},"27":{"start":{"line":118,"column":8},"end":{"line":118,"column":77}},"28":{"start":{"line":119,"column":8},"end":{"line":119,"column":20}},"29":{"start":{"line":122,"column":8},"end":{"line":122,"column":73}},"30":{"start":{"line":123,"column":8},"end":{"line":123,"column":21}},"31":{"start":{"line":76,"column":13},"end":{"line":76,"column":32}}},"fnMap":{"0":{"name":"(anonymous_1)","decl":{"start":{"line":5,"column":26},"end":{"line":5,"column":29}},"loc":{"start":{"line":5,"column":31},"end":{"line":13,"column":1}}},"1":{"name":"(anonymous_2)","decl":{"start":{"line":16,"column":37},"end":{"line":16,"column":42}},"loc":{"start":{"line":20,"column":22},"end":{"line":73,"column":1}}},"2":{"name":"(anonymous_3)","decl":{"start":{"line":76,"column":32},"end":{"line":76,"column":37}},"loc":{"start":{"line":79,"column":22},"end":{"line":125,"column":1}}}},"branchMap":{"0":{"loc":{"start":{"line":23,"column":4},"end":{"line":26,"column":5}},"type":"if","locations":[{"start":{"line":23,"column":4},"end":{"line":26,"column":5}}]},"1":{"loc":{"start":{"line":23,"column":8},"end":{"line":23,"column":58}},"type":"binary-expr","locations":[{"start":{"line":23,"column":8},"end":{"line":23,"column":31}},{"start":{"line":23,"column":35},"end":{"line":23,"column":58}}]},"2":{"loc":{"start":{"line":82,"column":4},"end":{"line":85,"column":5}},"type":"if","locations":[{"start":{"line":82,"column":4},"end":{"line":85,"column":5}}]},"3":{"loc":{"start":{"line":82,"column":8},"end":{"line":82,"column":58}},"type":"binary-expr","locations":[{"start":{"line":82,"column":8},"end":{"line":82,"column":31}},{"start":{"line":82,"column":35},"end":{"line":82,"column":58}}]}},"s":{"0":1,"1":1,"2":1,"3":0,"4":1,"5":0,"6":0,"7":0,"8":0,"9":0,"10":0,"11":0,"12":0,"13":0,"14":0,"15":0,"16":0,"17":1,"18":1,"19":0,"20":0,"21":0,"22":0,"23":0,"24":0,"25":0,"26":0,"27":0,"28":0,"29":0,"30":0,"31":1},"f":{"0":0,"1":0,"2":0},"b":{"0":[0],"1":[0,0],"2":[0],"3":[0,0]}}
}
