TN:
SF:src\Customer\customer.controller.ts
FN:13,(anonymous_10)
FN:22,(anonymous_11)
FN:33,(anonymous_12)
FN:43,(anonymous_13)
FN:67,(anonymous_14)
FN:96,(anonymous_15)
FN:97,(anonymous_16)
FN:119,(anonymous_17)
FN:150,(anonymous_18)
FN:151,(anonymous_19)
FN:171,(anonymous_20)
FN:196,(anonymous_21)
FN:197,(anonymous_22)
FN:219,(anonymous_23)
FN:287,(anonymous_24)
FN:330,(anonymous_25)
FNF:16
FNH:11
FNDA:0,(anonymous_10)
FNDA:0,(anonymous_11)
FNDA:2,(anonymous_12)
FNDA:3,(anonymous_13)
FNDA:3,(anonymous_14)
FNDA:1,(anonymous_15)
FNDA:0,(anonymous_16)
FNDA:3,(anonymous_17)
FNDA:1,(anonymous_18)
FNDA:0,(anonymous_19)
FNDA:1,(anonymous_20)
FNDA:1,(anonymous_21)
FNDA:0,(anonymous_22)
FNDA:5,(anonymous_23)
FNDA:2,(anonymous_24)
FNDA:2,(anonymous_25)
DA:1,1
DA:3,1
DA:4,1
DA:5,1
DA:6,1
DA:13,1
DA:14,0
DA:15,0
DA:16,0
DA:18,0
DA:22,1
DA:23,0
DA:24,0
DA:25,0
DA:27,0
DA:33,1
DA:34,2
DA:35,2
DA:36,1
DA:38,1
DA:43,1
DA:44,3
DA:45,3
DA:46,3
DA:49,3
DA:50,1
DA:53,2
DA:54,2
DA:55,0
DA:59,2
DA:60,2
DA:62,0
DA:67,1
DA:68,3
DA:69,3
DA:71,3
DA:72,1
DA:76,2
DA:79,2
DA:80,2
DA:88,2
DA:89,1
DA:90,0
DA:94,1
DA:95,1
DA:96,1
DA:97,0
DA:99,1
DA:111,1
DA:112,1
DA:114,0
DA:119,1
DA:120,3
DA:121,3
DA:123,3
DA:124,0
DA:127,3
DA:128,3
DA:129,0
DA:132,3
DA:133,1
DA:136,2
DA:137,1
DA:141,1
DA:146,1
DA:148,1
DA:149,1
DA:150,1
DA:151,0
DA:154,1
DA:166,0
DA:171,1
DA:172,1
DA:173,1
DA:175,1
DA:176,0
DA:180,1
DA:181,1
DA:188,1
DA:189,1
DA:190,0
DA:194,1
DA:195,1
DA:196,1
DA:197,0
DA:199,1
DA:211,0
DA:212,0
DA:214,0
DA:219,1
DA:220,5
DA:221,5
DA:223,5
DA:224,0
DA:228,5
DA:229,5
DA:230,0
DA:234,5
DA:235,1
DA:239,4
DA:240,4
DA:241,1
DA:245,3
DA:246,3
DA:247,1
DA:250,2
DA:260,2
DA:262,2
DA:263,2
DA:265,2
DA:279,1
DA:284,1
DA:287,1
DA:288,2
DA:289,2
DA:290,2
DA:291,2
DA:294,2
DA:295,0
DA:299,2
DA:300,1
DA:304,2
DA:305,2
DA:306,2
DA:307,2
DA:310,2
DA:311,2
DA:312,0
DA:316,2
DA:317,2
DA:322,0
DA:323,0
DA:325,0
DA:330,1
DA:331,2
DA:332,2
DA:333,2
DA:335,2
DA:336,1
DA:339,1
DA:341,0
LF:141
LH:110
BRDA:49,0,0,1
BRDA:49,1,0,3
BRDA:49,1,1,2
BRDA:54,2,0,0
BRDA:71,3,0,1
BRDA:89,4,0,0
BRDA:111,5,0,1
BRDA:123,6,0,0
BRDA:123,7,0,3
BRDA:123,7,1,3
BRDA:128,8,0,0
BRDA:132,9,0,1
BRDA:136,10,0,1
BRDA:146,11,0,1
BRDA:175,12,0,0
BRDA:189,13,0,0
BRDA:211,14,0,0
BRDA:223,15,0,0
BRDA:223,16,0,5
BRDA:223,16,1,5
BRDA:229,17,0,0
BRDA:234,18,0,1
BRDA:234,19,0,5
BRDA:234,19,1,4
BRDA:240,20,0,1
BRDA:246,21,0,1
BRDA:262,22,0,1
BRDA:262,22,1,1
BRDA:263,23,0,1
BRDA:263,23,1,1
BRDA:294,24,0,0
BRDA:294,25,0,2
BRDA:294,25,1,2
BRDA:299,26,0,1
BRDA:304,27,0,2
BRDA:311,28,0,0
BRDA:322,29,0,0
BRDA:335,30,0,1
BRF:38
BRH:26
end_of_record
TN:
SF:src\Customer\customer.service.ts
FN:7,(anonymous_1)
FN:12,(anonymous_2)
FN:18,(anonymous_3)
FN:24,(anonymous_4)
FN:38,(anonymous_5)
FN:55,(anonymous_6)
FN:63,(anonymous_7)
FN:73,(anonymous_8)
FN:81,(anonymous_9)
FNF:9
FNH:0
FNDA:0,(anonymous_1)
FNDA:0,(anonymous_2)
FNDA:0,(anonymous_3)
FNDA:0,(anonymous_4)
FNDA:0,(anonymous_5)
FNDA:0,(anonymous_6)
FNDA:0,(anonymous_7)
FNDA:0,(anonymous_8)
FNDA:0,(anonymous_9)
DA:1,1
DA:2,1
DA:3,1
DA:7,1
DA:8,0
DA:12,1
DA:13,0
DA:14,0
DA:18,1
DA:19,0
DA:20,0
DA:24,1
DA:25,0
DA:26,0
DA:27,0
DA:30,0
DA:31,0
DA:33,0
DA:38,1
DA:39,0
DA:40,0
DA:44,0
DA:47,0
DA:48,0
DA:50,0
DA:55,1
DA:56,0
DA:59,0
DA:63,1
DA:64,0
DA:67,0
DA:73,1
DA:74,0
DA:81,1
DA:82,0
LF:35
LH:12
BRDA:30,0,0,0
BRDA:47,1,0,0
BRF:2
BRH:0
end_of_record
TN:
SF:src\email\email.service.ts
FN:5,(anonymous_1)
FN:16,(anonymous_2)
FN:76,(anonymous_3)
FNF:3
FNH:0
FNDA:0,(anonymous_1)
FNDA:0,(anonymous_2)
FNDA:0,(anonymous_3)
DA:1,1
DA:2,1
DA:5,1
DA:6,0
DA:16,1
DA:23,0
DA:24,0
DA:25,0
DA:28,0
DA:29,0
DA:31,0
DA:33,0
DA:65,0
DA:66,0
DA:67,0
DA:70,0
DA:71,0
DA:76,1
DA:82,0
DA:83,0
DA:84,0
DA:87,0
DA:88,0
DA:90,0
DA:92,0
DA:117,0
DA:118,0
DA:119,0
DA:122,0
DA:123,0
LF:30
LH:5
BRDA:23,0,0,0
BRDA:23,1,0,0
BRDA:23,1,1,0
BRDA:82,2,0,0
BRDA:82,3,0,0
BRDA:82,3,1,0
BRF:6
BRH:0
end_of_record
